This file contains any messages produced by compilers while
running configure, to aid debugging if configure makes a mistake.

It was created by configure, which was
generated by GNU Autoconf 2.59.  Invocation command line was

  $ ./configure --host=i486-linux-gnu --build=i486-linux-gnu --prefix=/usr

## --------- ##
## Platform. ##
## --------- ##

hostname = sakabook
uname -m = i686
uname -r = 2.6.16.9
uname -s = Linux
uname -v = #1 PREEMPT Mon Apr 24 19:14:56 CST 2006

/usr/bin/uname -p = unknown
/bin/uname -X     = unknown

/bin/arch              = i686
/usr/bin/arch -k       = unknown
/usr/convex/getsysinfo = unknown
hostinfo               = unknown
/bin/machine           = unknown
/usr/bin/oslevel       = unknown
/bin/universe          = unknown

PATH: /usr/local/bin
PATH: /usr/bin
PATH: /bin
PATH: /usr/bin/X11
PATH: /usr/games
PATH: /opt/intel/compiler70/ia32/bin/


## ----------- ##
## Core tests. ##
## ----------- ##

configure:1373: checking for a BSD-compatible install
configure:1428: result: /usr/bin/install -c
configure:1439: checking whether build environment is sane
configure:1482: result: yes
configure:1547: checking for gawk
configure:1563: found /usr/bin/gawk
configure:1573: result: gawk
configure:1583: checking whether make sets $(MAKE)
configure:1603: result: yes
configure:1771: checking whether to enable maintainer-specific portions of Makefiles
configure:1780: result: no
configure:1802: checking build system type
configure:1820: result: i486-pc-linux-gnu
configure:1828: checking host system type
configure:1842: result: i486-pc-linux-gnu
configure:1862: checking for i486-linux-gnu-gcc
configure:1878: found /usr/bin/i486-linux-gnu-gcc
configure:1888: result: i486-linux-gnu-gcc
configure:2170: checking for C compiler version
configure:2173: i486-linux-gnu-gcc --version </dev/null >&5
i486-linux-gnu-gcc (GCC) 4.0.3 (Debian 4.0.3-1)
Copyright (C) 2006 Free Software Foundation, Inc.
This is free software; see the source for copying conditions.  There is NO
warranty; not even for MERCHANTABILITY or FITNESS FOR A PARTICULAR PURPOSE.

configure:2176: $? = 0
configure:2178: i486-linux-gnu-gcc -v </dev/null >&5
Using built-in specs.
Target: i486-linux-gnu
Configured with: ../src/configure -v --enable-languages=c,c++,java,f95,objc,ada,treelang --prefix=/usr --enable-shared --with-system-zlib --libexecdir=/usr/lib --without-included-gettext --enable-threads=posix --enable-nls --program-suffix=-4.0 --enable-__cxa_atexit --enable-clocale=gnu --enable-libstdcxx-debug --enable-java-awt=gtk-default --enable-gtk-cairo --with-java-home=/usr/lib/jvm/java-1.4.2-gcj-4.0-1.4.2.0/jre --enable-mpfr --disable-werror --with-tune=i686 --enable-checking=release i486-linux-gnu
Thread model: posix
gcc version 4.0.3 (Debian 4.0.3-1)
configure:2181: $? = 0
configure:2183: i486-linux-gnu-gcc -V </dev/null >&5
i486-linux-gnu-gcc: '-V' option must have argument
configure:2186: $? = 1
configure:2209: checking for C compiler default output file name
configure:2212: i486-linux-gnu-gcc -Wall -g -O2   conftest.c  >&5
configure:2215: $? = 0
configure:2261: result: a.out
configure:2266: checking whether the C compiler works
configure:2272: ./a.out
configure:2275: $? = 0
configure:2292: result: yes
configure:2299: checking whether we are cross compiling
configure:2301: result: no
configure:2304: checking for suffix of executables
configure:2306: i486-linux-gnu-gcc -o conftest -Wall -g -O2   conftest.c  >&5
configure:2309: $? = 0
configure:2334: result: 
configure:2340: checking for suffix of object files
configure:2361: i486-linux-gnu-gcc -c -Wall -g -O2  conftest.c >&5
configure:2364: $? = 0
configure:2386: result: o
configure:2390: checking whether we are using the GNU C compiler
configure:2414: i486-linux-gnu-gcc -c -Wall -g -O2  conftest.c >&5
configure:2420: $? = 0
configure:2423: test -z 			 || test ! -s conftest.err
configure:2426: $? = 0
configure:2429: test -s conftest.o
configure:2432: $? = 0
configure:2445: result: yes
configure:2451: checking whether i486-linux-gnu-gcc accepts -g
configure:2472: i486-linux-gnu-gcc -c -g  conftest.c >&5
configure:2478: $? = 0
configure:2481: test -z 			 || test ! -s conftest.err
configure:2484: $? = 0
configure:2487: test -s conftest.o
configure:2490: $? = 0
configure:2501: result: yes
configure:2518: checking for i486-linux-gnu-gcc option to accept ANSI C
configure:2588: i486-linux-gnu-gcc  -c -Wall -g -O2  conftest.c >&5

## ---------------- ##
## Cache variables. ##
## ---------------- ##

ac_cv_build=i486-pc-linux-gnu
ac_cv_build_alias=i486-linux-gnu
ac_cv_c_compiler_gnu=yes
ac_cv_env_CC_set=
ac_cv_env_CC_value=
ac_cv_env_CFLAGS_set=set
ac_cv_env_CFLAGS_value='-Wall -g -O2'
ac_cv_env_CPPFLAGS_set=
ac_cv_env_CPPFLAGS_value=
ac_cv_env_CPP_set=
ac_cv_env_CPP_value=
ac_cv_env_LDFLAGS_set=
ac_cv_env_LDFLAGS_value=
ac_cv_env_PKG_CONFIG_set=
ac_cv_env_PKG_CONFIG_value=
ac_cv_env_XFT_CFLAGS_set=
ac_cv_env_XFT_CFLAGS_value=
ac_cv_env_XFT_LIBS_set=
ac_cv_env_XFT_LIBS_value=
ac_cv_env_build_alias_set=set
ac_cv_env_build_alias_value=i486-linux-gnu
ac_cv_env_host_alias_set=set
ac_cv_env_host_alias_value=i486-linux-gnu
ac_cv_env_target_alias_set=
ac_cv_env_target_alias_value=
ac_cv_exeext=
ac_cv_host=i486-pc-linux-gnu
ac_cv_host_alias=i486-linux-gnu
ac_cv_objext=o
ac_cv_path_install='/usr/bin/install -c'
ac_cv_prog_AWK=gawk
ac_cv_prog_CC=i486-linux-gnu-gcc
ac_cv_prog_cc_g=yes
ac_cv_prog_cc_stdc=no
ac_cv_prog_make_make_set=yes

## ----------------- ##
## Output variables. ##
## ----------------- ##

ACLOCAL='${SHELL} /home/ygh/debian/fcitx-3.2.060108/missing --run aclocal-1.9'
AMDEPBACKSLASH=''
AMDEP_FALSE=''
AMDEP_TRUE=''
AMTAR='${SHELL} /home/ygh/debian/fcitx-3.2.060108/missing --run tar'
AUTOCONF='${SHELL} /home/ygh/debian/fcitx-3.2.060108/missing --run autoconf'
AUTOHEADER='${SHELL} /home/ygh/debian/fcitx-3.2.060108/missing --run autoheader'
AUTOMAKE='${SHELL} /home/ygh/debian/fcitx-3.2.060108/missing --run automake-1.9'
AWK='gawk'
CC='i486-linux-gnu-gcc '
CCDEPMODE=''
CFLAGS='-Wall -g -O2'
CPP=''
CPPFLAGS=''
CYGPATH_W='echo'
DEFS=''
DEPDIR=''
ECHO_C=''
ECHO_N='-n'
ECHO_T=''
EGREP=''
EXEEXT=''
HAVE_XFT_FALSE=''
HAVE_XFT_TRUE=''
INSTALL_DATA='${INSTALL} -m 644'
INSTALL_PROGRAM='${INSTALL}'
INSTALL_SCRIPT='${INSTALL}'
INSTALL_STRIP_PROGRAM='${SHELL} $(install_sh) -c -s'
LDFLAGS=''
LIBICONV=''
LIBOBJS=''
LIBS=''
LTLIBICONV=''
LTLIBOBJS=''
MAKEINFO='${SHELL} /home/ygh/debian/fcitx-3.2.060108/missing --run makeinfo'
OBJEXT='o'
PACKAGE='fcitx'
PACKAGE_BUGREPORT=''
PACKAGE_NAME=''
PACKAGE_STRING=''
PACKAGE_TARNAME=''
PACKAGE_VERSION=''
PATH_SEPARATOR=':'
PKG_CONFIG=''
RANLIB=''
SET_MAKE=''
SHELL='/bin/sh'
STRIP=''
VERSION='3.2-060108'
XFT_CFLAGS=''
XFT_LIBS=''
X_CFLAGS=''
X_LIBS=''
ac_ct_CC=''
ac_ct_RANLIB=''
ac_ct_STRIP=''
ac_pt_PKG_CONFIG=''
am__fastdepCC_FALSE=''
am__fastdepCC_TRUE=''
am__include=''
am__leading_dot='.'
am__quote=''
am__tar='${AMTAR} chof - "$$tardir"'
am__untar='${AMTAR} xf -'
bindir='${exec_prefix}/bin'
build='i486-pc-linux-gnu'
build_alias='i486-linux-gnu'
build_cpu='i486'
build_os='linux-gnu'
build_vendor='pc'
datadir='${prefix}/share'
exec_prefix='NONE'
host='i486-pc-linux-gnu'
host_alias='i486-linux-gnu'
host_cpu='i486'
host_os='linux-gnu'
host_vendor='pc'
includedir='${prefix}/include'
infodir='${prefix}/info'
install_sh='/home/ygh/debian/fcitx-3.2.060108/install-sh'
libdir='${exec_prefix}/lib'
libexecdir='${exec_prefix}/libexec'
localstatedir='${prefix}/var'
mandir='${prefix}/man'
mkdir_p='mkdir -p --'
oldincludedir='/usr/include'
prefix='/usr'
program_transform_name='s,x,x,'
sbindir='${exec_prefix}/sbin'
sharedstatedir='${prefix}/com'
sysconfdir='${prefix}/etc'
target_alias=''

## ----------- ##
## confdefs.h. ##
## ----------- ##

#define PACKAGE "fcitx"
#define PACKAGE_BUGREPORT ""
#define PACKAGE_NAME ""
#define PACKAGE_STRING ""
#define PACKAGE_TARNAME ""
#define PACKAGE_VERSION ""
#define VERSION "3.2-060108"

configure: caught signal 2
configure: exit 1
